已經開始建置於 2017/1/3 下午 05:28:33。
     1>節點 2 (build 目標) 上的專案 "D:\tool\Down_scale\Down_scale\Down_scale.vcxproj"。
     1>PrepareForBuild:
         正在建立目錄 "D:\tool\Down_scale\Debug\"。
       InitializeBuildStatus:
         由於指定了 "AlwaysCreate"，因此正在建立 "Debug\Down_scale.unsuccessfulbuild"。
       ClCompile:
         D:\Program Files (x86)\Microsoft Visual Studio 10.0\VC\bin\CL.exe /c /ZI /nologo /W3 /WX- /Od /Oy- /D WIN32 /D _DEBUG /D _CONSOLE /D _UNICODE /D UNICODE /Gm /EHsc /RTC1 /MDd /GS /fp:precise /Zc:wchar_t /Zc:forScope /Yc"StdAfx.h" /Fp"Debug\Down_scale.pch" /Fo"Debug\\" /Fd"Debug\vc100.pdb" /Gd /TP /analyze- /errorReport:prompt stdafx.cpp
         stdafx.cpp
         D:\Program Files (x86)\Microsoft Visual Studio 10.0\VC\bin\CL.exe /c /ZI /nologo /W3 /WX- /Od /Oy- /D WIN32 /D _DEBUG /D _CONSOLE /D _UNICODE /D UNICODE /Gm /EHsc /RTC1 /MDd /GS /fp:precise /Zc:wchar_t /Zc:forScope /Yu"StdAfx.h" /Fp"Debug\Down_scale.pch" /Fo"Debug\\" /Fd"Debug\vc100.pdb" /Gd /TP /analyze- /errorReport:prompt Down_scale.cpp
         Down_scale.cpp
       ManifestResourceCompile:
         C:\Program Files (x86)\Microsoft SDKs\Windows\v7.0A\bin\rc.exe /nologo /fo"Debug\Down_scale.exe.embed.manifest.res" Debug\Down_scale_manifest.rc 
       Link:
         D:\Program Files (x86)\Microsoft Visual Studio 10.0\VC\bin\link.exe /ERRORREPORT:PROMPT /OUT:"D:\tool\Down_scale\Debug\Down_scale.exe" /INCREMENTAL /NOLOGO kernel32.lib user32.lib gdi32.lib winspool.lib comdlg32.lib advapi32.lib shell32.lib ole32.lib oleaut32.lib uuid.lib odbc32.lib odbccp32.lib /MANIFEST /ManifestFile:"Debug\Down_scale.exe.intermediate.manifest" /MANIFESTUAC:"level='asInvoker' uiAccess='false'" /DEBUG /PDB:"D:\tool\Down_scale\Debug\Down_scale.pdb" /SUBSYSTEM:CONSOLE /TLBID:1 /DYNAMICBASE /NXCOMPAT /IMPLIB:"D:\tool\Down_scale\Debug\Down_scale.lib" /MACHINE:X86 Debug\Down_scale.exe.embed.manifest.res
         Debug\Down_scale.obj
         Debug\stdafx.obj
       Manifest:
         C:\Program Files (x86)\Microsoft SDKs\Windows\v7.0A\bin\mt.exe /nologo /verbose /out:"Debug\Down_scale.exe.embed.manifest" /manifest Debug\Down_scale.exe.intermediate.manifest
         C:\Program Files (x86)\Microsoft SDKs\Windows\v7.0A\bin\rc.exe /nologo /fo"Debug\Down_scale.exe.embed.manifest.res" Debug\Down_scale_manifest.rc 
       LinkEmbedManifest:
         D:\Program Files (x86)\Microsoft Visual Studio 10.0\VC\bin\link.exe /ERRORREPORT:PROMPT /OUT:"D:\tool\Down_scale\Debug\Down_scale.exe" /INCREMENTAL /NOLOGO kernel32.lib user32.lib gdi32.lib winspool.lib comdlg32.lib advapi32.lib shell32.lib ole32.lib oleaut32.lib uuid.lib odbc32.lib odbccp32.lib /MANIFEST /ManifestFile:"Debug\Down_scale.exe.intermediate.manifest" /MANIFESTUAC:"level='asInvoker' uiAccess='false'" /DEBUG /PDB:"D:\tool\Down_scale\Debug\Down_scale.pdb" /SUBSYSTEM:CONSOLE /TLBID:1 /DYNAMICBASE /NXCOMPAT /IMPLIB:"D:\tool\Down_scale\Debug\Down_scale.lib" /MACHINE:X86 Debug\Down_scale.exe.embed.manifest.res
         Debug\Down_scale.obj
         Debug\stdafx.obj
         Down_scale.vcxproj -> D:\tool\Down_scale\Debug\Down_scale.exe
       FinalizeBuildStatus:
         正在刪除檔案 "Debug\Down_scale.unsuccessfulbuild"。
         正在變更時間戳記 "Debug\Down_scale.lastbuildstate"。
     1>專案 "D:\tool\Down_scale\Down_scale\Down_scale.vcxproj" (build 目標) 建置完成。

建置成功。

經過時間 00:00:01.95
