已經開始建置於 2017/1/3 下午 05:42:03。
     1>節點 2 (build 目標) 上的專案 "D:\tool\Down_scale\Down_scale\Down_scale.vcxproj"。
     1>InitializeBuildStatus:
         由於指定了 "AlwaysCreate"，因此正在建立 "x64\Debug\Down_scale.unsuccessfulbuild"。
       ClCompile:
         所有輸出都是最新的。
         D:\Program Files (x86)\Microsoft Visual Studio 10.0\VC\bin\x86_amd64\CL.exe /c /Zi /nologo /W3 /WX- /Od /D WIN32 /D _DEBUG /D _CONSOLE /D _UNICODE /D UNICODE /Gm /EHsc /RTC1 /MDd /GS /fp:precise /Zc:wchar_t /Zc:forScope /Yu"StdAfx.h" /Fp"x64\Debug\Down_scale.pch" /Fo"x64\Debug\\" /Fd"x64\Debug\vc100.pdb" /Gd /TP /errorReport:prompt Down_scale.cpp
         Down_scale.cpp
     1>Down_scale.cpp(2): warning C4603: '_USE_MATH_DEFINES' : 巨集未定義，或是定義在使用先行編譯標頭後變成不同
                 新增巨集到先行編譯標頭，而不要在此處定義
                 Down_scale.cpp(3) : 使用先行編譯標頭
     1>Down_scale.cpp(43): warning C4101: 'fre' : 未參考的區域變數
     1>Down_scale.cpp(44): warning C4101: 'times' : 未參考的區域變數
     1>Down_scale.cpp(43): warning C4101: 'startTime' : 未參考的區域變數
     1>Down_scale.cpp(43): warning C4101: 'endTime' : 未參考的區域變數
     1>Down_scale.cpp(41): warning C4101: 'dst_cvsize2' : 未參考的區域變數
       ManifestResourceCompile:
         所有輸出都是最新的。
       Link:
         D:\Program Files (x86)\Microsoft Visual Studio 10.0\VC\bin\x86_amd64\link.exe /ERRORREPORT:PROMPT /OUT:"D:\tool\Down_scale\x64\Debug\Down_scale.exe" /INCREMENTAL /NOLOGO opencv_core249d.lib opencv_calib3d249d.lib opencv_contrib249d.lib opencv_features2d249d.lib opencv_highgui249d.lib opencv_imgproc249d.lib opencv_video249d.lib opencv_ml249d.lib opencv_legacy249d.lib opencv_objdetect249d.lib kernel32.lib user32.lib gdi32.lib winspool.lib comdlg32.lib advapi32.lib shell32.lib ole32.lib oleaut32.lib uuid.lib odbc32.lib odbccp32.lib /MANIFEST /ManifestFile:"x64\Debug\Down_scale.exe.intermediate.manifest" /MANIFESTUAC:"level='asInvoker' uiAccess='false'" /DEBUG /PDB:"D:\tool\Down_scale\x64\Debug\Down_scale.pdb" /SUBSYSTEM:CONSOLE /TLBID:1 /DYNAMICBASE /NXCOMPAT /IMPLIB:"D:\tool\Down_scale\x64\Debug\Down_scale.lib" /MACHINE:X64 x64\Debug\Down_scale.exe.embed.manifest.res
         x64\Debug\Down_scale.obj
         x64\Debug\stdafx.obj
         Down_scale.vcxproj -> D:\tool\Down_scale\x64\Debug\Down_scale.exe
       Manifest:
         C:\Program Files (x86)\Microsoft SDKs\Windows\v7.0A\bin\mt.exe /nologo /verbose /out:"x64\Debug\Down_scale.exe.embed.manifest" /manifest x64\Debug\Down_scale.exe.intermediate.manifest
         所有輸出都是最新的。
       LinkEmbedManifest:
         所有輸出都是最新的。
         Down_scale.vcxproj -> D:\tool\Down_scale\x64\Debug\Down_scale.exe
       FinalizeBuildStatus:
         正在刪除檔案 "x64\Debug\Down_scale.unsuccessfulbuild"。
         正在變更時間戳記 "x64\Debug\Down_scale.lastbuildstate"。
     1>專案 "D:\tool\Down_scale\Down_scale\Down_scale.vcxproj" (build 目標) 建置完成。

建置成功。

經過時間 00:00:01.57
